SF:/Users/pattobrien/Development/sidecar/packages/sidecar/lib/src/analyzer/ast/lint_node_registry.dart
DA:4,0
DA:196,0
DA:197,0
DA:198,0
DA:201,0
DA:202,0
DA:205,0
DA:206,0
DA:207,0
DA:210,0
DA:211,0
DA:212,0
DA:215,0
DA:216,0
DA:217,0
DA:220,0
DA:221,0
DA:222,0
DA:225,0
DA:226,0
DA:227,0
DA:230,0
DA:231,0
DA:232,0
DA:235,0
DA:236,0
DA:237,0
DA:240,0
DA:241,0
DA:242,0
DA:245,0
DA:246,0
DA:249,0
DA:250,0
DA:251,0
DA:254,0
DA:255,0
DA:256,0
DA:259,0
DA:260,0
DA:261,0
DA:264,0
DA:265,0
DA:266,0
DA:269,0
DA:270,0
DA:271,0
DA:274,0
DA:275,0
DA:276,0
DA:279,0
DA:280,0
DA:281,0
DA:284,0
DA:285,0
DA:286,0
DA:289,0
DA:290,0
DA:293,0
DA:294,0
DA:295,0
DA:298,0
DA:299,0
DA:300,0
DA:303,0
DA:304,0
DA:305,0
DA:308,0
DA:309,0
DA:310,0
DA:313,0
DA:314,0
DA:315,0
DA:318,0
DA:319,0
DA:320,0
DA:323,0
DA:324,0
DA:325,0
DA:328,0
DA:329,0
DA:330,0
DA:333,0
DA:334,0
DA:335,0
DA:338,0
DA:339,0
DA:340,0
DA:343,0
DA:344,0
DA:345,0
DA:348,0
DA:349,0
DA:350,0
DA:353,0
DA:354,0
DA:355,0
DA:358,0
DA:359,0
DA:362,0
DA:363,0
DA:364,0
DA:367,0
DA:368,0
DA:369,0
DA:372,0
DA:373,0
DA:374,0
DA:377,0
DA:378,0
DA:379,0
DA:382,0
DA:383,0
DA:384,0
DA:387,0
DA:388,0
DA:389,0
DA:392,0
DA:393,0
DA:394,0
DA:397,0
DA:398,0
DA:399,0
DA:402,0
DA:403,0
DA:404,0
DA:407,0
DA:408,0
DA:409,0
DA:412,0
DA:413,0
DA:414,0
DA:417,0
DA:418,0
DA:419,0
DA:422,0
DA:423,0
DA:424,0
DA:427,0
DA:428,0
DA:429,0
DA:432,0
DA:433,0
DA:434,0
DA:437,0
DA:438,0
DA:439,0
DA:442,0
DA:443,0
DA:446,0
DA:447,0
DA:448,0
DA:451,0
DA:452,0
DA:453,0
DA:456,0
DA:457,0
DA:458,0
DA:461,0
DA:462,0
DA:463,0
DA:466,0
DA:467,0
DA:468,0
DA:471,0
DA:472,0
DA:473,0
DA:476,0
DA:477,0
DA:478,0
DA:481,0
DA:482,0
DA:483,0
DA:486,0
DA:487,0
DA:488,0
DA:491,0
DA:492,0
DA:493,0
DA:496,0
DA:497,0
DA:498,0
DA:501,0
DA:502,0
DA:503,0
DA:506,0
DA:507,0
DA:508,0
DA:511,0
DA:512,0
DA:515,0
DA:516,0
DA:517,0
DA:520,0
DA:521,0
DA:524,0
DA:525,0
DA:526,0
DA:529,0
DA:530,0
DA:531,0
DA:534,0
DA:535,0
DA:536,0
DA:539,0
DA:540,0
DA:541,0
DA:544,0
DA:545,0
DA:546,0
DA:549,0
DA:550,0
DA:551,0
DA:554,0
DA:555,0
DA:556,0
DA:559,0
DA:560,0
DA:561,0
DA:564,0
DA:565,0
DA:566,0
DA:569,0
DA:570,0
DA:571,0
DA:574,0
DA:575,0
DA:578,0
DA:579,0
DA:580,0
DA:583,0
DA:584,0
DA:585,0
DA:588,0
DA:589,0
DA:590,0
DA:593,0
DA:594,0
DA:595,0
DA:598,0
DA:599,0
DA:600,0
DA:603,0
DA:604,0
DA:605,0
DA:608,0
DA:609,0
DA:610,0
DA:613,0
DA:614,0
DA:615,0
DA:618,0
DA:619,0
DA:620,0
DA:623,0
DA:624,0
DA:625,0
DA:628,0
DA:629,0
DA:632,0
DA:633,0
DA:634,0
DA:637,0
DA:638,0
DA:639,0
DA:642,0
DA:643,0
DA:644,0
DA:647,0
DA:648,0
DA:651,0
DA:652,0
DA:653,0
DA:656,0
DA:657,0
DA:658,0
DA:661,0
DA:662,0
DA:663,0
DA:666,0
DA:667,0
DA:668,0
DA:671,0
DA:672,0
DA:673,0
DA:676,0
DA:677,0
DA:678,0
DA:681,0
DA:682,0
DA:683,0
DA:690,0
DA:692,0
DA:693,0
DA:696,0
DA:697,0
DA:698,0
DA:701,0
DA:702,0
DA:703,0
DA:706,0
DA:707,0
DA:710,0
DA:711,0
DA:712,0
DA:715,0
DA:716,0
DA:719,0
DA:720,0
DA:721,0
DA:724,0
DA:725,0
DA:726,0
DA:729,0
DA:730,0
DA:731,0
DA:734,0
DA:735,0
DA:736,0
DA:739,0
DA:740,0
DA:741,0
DA:744,0
DA:745,0
DA:746,0
DA:749,0
DA:750,0
DA:751,0
DA:754,0
DA:755,0
DA:756,0
DA:759,0
DA:760,0
DA:761,0
DA:764,0
DA:765,0
DA:766,0
DA:769,0
DA:770,0
DA:773,0
DA:774,0
DA:775,0
DA:778,0
DA:779,0
DA:780,0
DA:783,0
DA:784,0
DA:785,0
DA:788,0
DA:789,0
DA:790,0
DA:793,0
DA:794,0
DA:795,0
DA:798,0
DA:799,0
DA:800,0
DA:803,0
DA:804,0
DA:805,0
DA:808,0
DA:809,0
DA:810,0
DA:813,0
DA:814,0
DA:815,0
DA:818,0
DA:820,0
DA:823,0
DA:824,0
DA:825,0
DA:828,0
DA:829,0
DA:830,0
DA:833,0
DA:834,0
DA:835,0
DA:838,0
DA:839,0
DA:840,0
DA:843,0
DA:844,0
DA:845,0
DA:848,0
DA:849,0
DA:850,0
DA:853,0
DA:854,0
DA:857,0
DA:858,0
DA:859,0
DA:863,0
LF:392
LH:0
end_of_record
SF:/Users/pattobrien/Development/sidecar/packages/sidecar/lib/src/analyzer/ast/general_visitor.dart
DA:9,0
DA:13,0
DA:15,0
DA:16,0
DA:19,0
DA:21,0
DA:22,0
DA:25,0
DA:27,0
DA:28,0
DA:31,0
DA:33,0
DA:34,0
DA:37,0
DA:39,0
DA:40,0
DA:43,0
DA:45,0
DA:46,0
DA:49,0
DA:51,0
DA:52,0
DA:55,0
DA:57,0
DA:58,0
DA:61,0
DA:63,0
DA:64,0
DA:67,0
DA:69,0
DA:70,0
DA:73,0
DA:75,0
DA:76,0
DA:79,0
DA:81,0
DA:82,0
DA:85,0
DA:87,0
DA:88,0
DA:91,0
DA:93,0
DA:94,0
DA:97,0
DA:99,0
DA:100,0
DA:103,0
DA:105,0
DA:106,0
DA:109,0
DA:111,0
DA:112,0
DA:115,0
DA:117,0
DA:118,0
DA:121,0
DA:123,0
DA:124,0
DA:127,0
DA:129,0
DA:130,0
DA:133,0
DA:135,0
DA:136,0
DA:139,0
DA:141,0
DA:142,0
DA:145,0
DA:147,0
DA:148,0
DA:151,0
DA:153,0
DA:154,0
DA:157,0
DA:159,0
DA:160,0
DA:163,0
DA:165,0
DA:166,0
DA:169,0
DA:171,0
DA:172,0
DA:175,0
DA:177,0
DA:178,0
DA:181,0
DA:183,0
DA:184,0
DA:187,0
DA:189,0
DA:190,0
DA:193,0
DA:195,0
DA:196,0
DA:199,0
DA:201,0
DA:202,0
DA:205,0
DA:207,0
DA:208,0
DA:211,0
DA:213,0
DA:214,0
DA:217,0
DA:219,0
DA:220,0
DA:223,0
DA:225,0
DA:226,0
DA:229,0
DA:231,0
DA:232,0
DA:235,0
DA:237,0
DA:238,0
DA:241,0
DA:243,0
DA:244,0
DA:247,0
DA:249,0
DA:250,0
DA:253,0
DA:255,0
DA:256,0
DA:259,0
DA:261,0
DA:262,0
DA:265,0
DA:267,0
DA:268,0
DA:271,0
DA:273,0
DA:274,0
DA:277,0
DA:279,0
DA:280,0
DA:283,0
DA:285,0
DA:286,0
DA:289,0
DA:291,0
DA:292,0
DA:295,0
DA:297,0
DA:298,0
DA:301,0
DA:303,0
DA:304,0
DA:307,0
DA:309,0
DA:310,0
DA:313,0
DA:315,0
DA:316,0
DA:319,0
DA:321,0
DA:322,0
DA:325,0
DA:327,0
DA:328,0
DA:331,0
DA:333,0
DA:334,0
DA:337,0
DA:339,0
DA:340,0
DA:343,0
DA:345,0
DA:346,0
DA:349,0
DA:351,0
DA:352,0
DA:355,0
DA:357,0
DA:358,0
DA:361,0
DA:363,0
DA:364,0
DA:367,0
DA:369,0
DA:370,0
DA:373,0
DA:375,0
DA:376,0
DA:379,0
DA:381,0
DA:382,0
DA:385,0
DA:387,0
DA:388,0
DA:391,0
DA:393,0
DA:394,0
DA:397,0
DA:399,0
DA:400,0
DA:403,0
DA:405,0
DA:406,0
DA:409,0
DA:411,0
DA:412,0
DA:415,0
DA:417,0
DA:418,0
DA:421,0
DA:423,0
DA:424,0
DA:427,0
DA:429,0
DA:430,0
DA:433,0
DA:435,0
DA:436,0
DA:439,0
DA:441,0
DA:442,0
DA:445,0
DA:447,0
DA:448,0
DA:451,0
DA:453,0
DA:454,0
DA:457,0
DA:459,0
DA:460,0
DA:463,0
DA:465,0
DA:466,0
DA:469,0
DA:471,0
DA:472,0
DA:475,0
DA:477,0
DA:478,0
DA:481,0
DA:483,0
DA:484,0
DA:487,0
DA:489,0
DA:490,0
DA:493,0
DA:495,0
DA:496,0
DA:499,0
DA:501,0
DA:502,0
DA:505,0
DA:507,0
DA:508,0
DA:511,0
DA:513,0
DA:514,0
DA:517,0
DA:519,0
DA:520,0
DA:523,0
DA:525,0
DA:526,0
DA:529,0
DA:531,0
DA:532,0
DA:535,0
DA:537,0
DA:538,0
DA:541,0
DA:543,0
DA:544,0
DA:547,0
DA:549,0
DA:550,0
DA:553,0
DA:555,0
DA:556,0
DA:559,0
DA:561,0
DA:562,0
DA:565,0
DA:567,0
DA:568,0
DA:571,0
DA:573,0
DA:574,0
DA:577,0
DA:579,0
DA:580,0
DA:583,0
DA:585,0
DA:586,0
DA:589,0
DA:591,0
DA:592,0
DA:595,0
DA:597,0
DA:598,0
DA:601,0
DA:603,0
DA:604,0
DA:607,0
DA:609,0
DA:610,0
DA:619,0
DA:622,0
DA:623,0
DA:626,0
DA:628,0
DA:629,0
DA:632,0
DA:634,0
DA:635,0
DA:638,0
DA:640,0
DA:641,0
DA:644,0
DA:646,0
DA:647,0
DA:650,0
DA:652,0
DA:653,0
DA:656,0
DA:658,0
DA:659,0
DA:662,0
DA:664,0
DA:665,0
DA:668,0
DA:670,0
DA:671,0
DA:674,0
DA:676,0
DA:677,0
DA:680,0
DA:682,0
DA:683,0
DA:686,0
DA:688,0
DA:689,0
DA:692,0
DA:694,0
DA:695,0
DA:698,0
DA:700,0
DA:701,0
DA:704,0
DA:706,0
DA:707,0
DA:710,0
DA:712,0
DA:713,0
DA:716,0
DA:718,0
DA:719,0
DA:722,0
DA:724,0
DA:725,0
DA:728,0
DA:730,0
DA:731,0
DA:734,0
DA:736,0
DA:737,0
DA:740,0
DA:742,0
DA:743,0
DA:746,0
DA:748,0
DA:749,0
DA:752,0
DA:754,0
DA:755,0
DA:758,0
DA:760,0
DA:761,0
DA:764,0
DA:766,0
DA:767,0
DA:770,0
DA:772,0
DA:773,0
DA:776,0
DA:778,0
DA:779,0
DA:782,0
DA:784,0
DA:785,0
DA:788,0
DA:790,0
DA:791,0
DA:794,0
DA:796,0
DA:797,0
DA:800,0
DA:802,0
DA:803,0
DA:806,0
DA:808,0
DA:809,0
DA:812,0
DA:814,0
DA:815,0
DA:818,0
DA:820,0
DA:821,0
DA:824,0
DA:826,0
DA:827,0
DA:828,0
DA:829,0
DA:831,0
DA:838,0
DA:842,0
DA:844,0
DA:845,0
DA:848,0
DA:850,0
DA:851,0
DA:854,0
DA:857,0
DA:858,0
DA:861,0
DA:864,0
DA:865,0
DA:868,0
DA:871,0
DA:872,0
LF:425
LH:0
end_of_record
SF:/Users/pattobrien/Development/sidecar/packages/sidecar/lib/src/analyzer/ast/visitor_subscription.dart
DA:9,0
LF:1
LH:0
end_of_record
SF:/Users/pattobrien/Development/sidecar/packages/sidecar/lib/src/analyzer/context/active_context.dart
DA:14,0
DA:33,0
DA:34,0
DA:35,0
DA:38,0
DA:39,0
DA:41,0
DA:43,0
DA:45,0
DA:46,0
DA:48,0
DA:49,0
DA:51,0
DA:52,0
DA:54,0
DA:55,0
DA:59,0
DA:60,0
DA:61,0
DA:62,0
LF:20
LH:0
end_of_record
SF:/Users/pattobrien/Development/sidecar/packages/sidecar/lib/src/analyzer/context/active_context_root.dart
DA:13,0
DA:25,0
DA:26,0
DA:28,0
DA:29,0
DA:31,0
DA:32,0
DA:34,0
DA:35,0
DA:37,0
DA:38,0
DA:40,0
DA:41,0
DA:43,0
DA:44,0
DA:46,0
DA:47,0
DA:49,0
DA:50,0
DA:52,0
DA:53,0
DA:55,0
DA:56,0
DA:58,0
DA:59,0
DA:61,0
DA:62,0
DA:65,0
DA:67,0
DA:69,0
DA:70,0
LF:31
LH:0
end_of_record
SF:/Users/pattobrien/Development/sidecar/packages/sidecar/lib/src/analyzer/context/analyzed_file.dart
DA:16,0
DA:18,0
DA:20,0
DA:21,0
DA:23,0
LF:5
LH:0
end_of_record
SF:/Users/pattobrien/Development/sidecar/packages/sidecar/lib/src/analyzer/options_provider.dart
DA:5,0
DA:6,0
LF:2
LH:0
end_of_record
SF:/Users/pattobrien/Development/sidecar/packages/sidecar/lib/src/cli/options/cli_options.dart
DA:14,0
DA:16,0
DA:21,0
DA:23,0
DA:24,0
DA:26,0
DA:30,0
LF:7
LH:0
end_of_record
SF:/Users/pattobrien/Development/sidecar/packages/sidecar/lib/src/analyzer/plugin/active_contexts_provider.dart
DA:14,0
DA:15,0
DA:16,0
DA:17,0
DA:18,0
DA:20,0
DA:21,0
DA:22,0
DA:24,0
DA:25,0
DA:27,0
DA:28,0
DA:29,0
DA:30,0
DA:31,0
DA:33,0
DA:36,0
DA:37,0
DA:38,0
DA:42,0
DA:43,0
DA:45,0
DA:50,0
DA:51,0
DA:55,0
DA:56,0
DA:57,0
DA:58,0
DA:59,0
DA:60,0
DA:61,0
DA:62,0
DA:65,0
DA:66,0
DA:70,0
DA:71,0
DA:72,0
DA:73,0
DA:74,0
DA:75,0
DA:77,0
DA:78,0
DA:79,0
DA:80,0
DA:81,0
DA:82,0
LF:46
LH:0
end_of_record
SF:/Users/pattobrien/Development/sidecar/packages/sidecar/lib/src/analyzer/results/analysis_results_provider.dart
DA:11,0
DA:12,0
DA:13,0
DA:14,0
DA:15,0
DA:16,0
DA:18,0
DA:19,0
DA:20,0
DA:21,0
DA:23,0
DA:25,0
DA:29,0
DA:30,0
DA:31,0
DA:32,0
DA:33,0
DA:34,0
DA:35,0
DA:36,0
DA:39,0
DA:41,0
DA:42,0
DA:43,0
DA:44,0
DA:45,0
DA:46,0
DA:47,0
DA:52,0
DA:53,0
DA:54,0
DA:55,0
DA:56,0
DA:57,0
DA:61,0
DA:62,0
DA:63,0
DA:65,0
DA:66,0
DA:69,0
DA:70,0
DA:74,0
DA:75,0
DA:76,0
DA:77,0
DA:78,0
DA:80,0
DA:83,0
DA:84,0
DA:88,0
DA:89,0
DA:90,0
DA:91,0
DA:92,0
DA:96,0
DA:97,0
DA:101,0
DA:102,0
DA:103,0
DA:104,0
DA:105,0
DA:106,0
DA:107,0
DA:110,0
DA:111,0
LF:65
LH:0
end_of_record
SF:/Users/pattobrien/Development/sidecar/packages/sidecar/lib/src/analyzer/results/analysis_results_reporter.dart
DA:7,0
DA:8,0
DA:9,0
DA:10,0
DA:11,0
DA:12,0
DA:13,0
DA:17,0
DA:18,0
DA:19,0
DA:20,0
LF:11
LH:0
end_of_record
SF:/Users/pattobrien/Development/sidecar/packages/sidecar/lib/src/analyzer/server/log_delegate.dart
DA:5,0
DA:6,0
LF:2
LH:0
end_of_record
SF:/Users/pattobrien/Development/sidecar/packages/sidecar/lib/src/analyzer/plugin/analysis_contexts_provider.dart
DA:4,0
DA:5,0
LF:2
LH:0
end_of_record
SF:/Users/pattobrien/Development/sidecar/packages/sidecar/lib/src/analyzer/plugin/analyzed_files_provider.dart
DA:6,0
DA:7,0
DA:8,0
DA:10,0
DA:11,0
DA:15,0
DA:16,0
DA:17,0
DA:18,0
DA:19,0
DA:20,0
DA:21,0
DA:24,0
DA:25,0
DA:26,0
DA:30,0
DA:31,0
DA:32,0
DA:34,0
LF:19
LH:0
end_of_record
SF:/Users/pattobrien/Development/sidecar/packages/sidecar/lib/src/analyzer/plugin/analyzer_plugin.dart
DA:36,0
DA:37,0
DA:38,0
DA:44,0
DA:47,0
DA:50,0
DA:53,0
DA:62,0
DA:63,0
DA:65,0
DA:66,0
DA:68,0
DA:70,0
DA:71,0
DA:72,0
DA:73,0
DA:74,0
DA:75,0
DA:77,0
DA:78,0
DA:79,0
DA:83,0
DA:87,0
DA:88,0
DA:89,0
DA:90,0
DA:91,0
DA:92,0
DA:93,0
DA:95,0
DA:96,0
DA:97,0
DA:99,0
DA:140,0
DA:143,0
DA:145,0
DA:147,0
DA:148,0
DA:149,0
DA:151,0
DA:157,0
DA:158,0
DA:159,0
DA:163,0
DA:165,0
DA:168,0
DA:170,0
DA:175,0
DA:178,0
DA:180,0
DA:182,0
DA:183,0
DA:184,0
DA:186,0
DA:187,0
DA:188,0
DA:189,0
DA:192,0
DA:199,0
DA:200,0
DA:202,0
DA:204,0
DA:205,0
DA:207,0
DA:211,0
DA:212,0
DA:214,0
DA:216,0
DA:223,0
DA:227,0
DA:228,0
DA:229,0
DA:230,0
DA:232,0
DA:236,0
DA:237,0
DA:241,0
DA:242,0
DA:246,0
DA:250,0
DA:251,0
DA:252,0
DA:253,0
DA:254,0
DA:255,0
DA:259,0
DA:261,0
DA:262,0
DA:263,0
DA:264,0
DA:265,0
DA:267,0
DA:268,0
DA:270,0
DA:272,0
DA:279,0
DA:285,0
DA:288,0
DA:289,0
DA:291,0
DA:292,0
DA:295,0
DA:297,0
DA:299,0
DA:305,0
DA:309,0
DA:310,0
DA:312,0
DA:313,0
DA:316,0
DA:317,0
DA:318,0
DA:319,0
DA:322,0
DA:323,0
DA:324,0
DA:326,0
DA:328,0
DA:337,0
DA:340,0
DA:341,0
DA:342,0
DA:343,0
DA:344,0
DA:350,0
DA:351,0
DA:352,0
DA:353,0
DA:354,0
DA:355,0
DA:356,0
DA:358,0
DA:362,0
DA:365,0
DA:366,0
DA:367,0
DA:368,0
DA:369,0
DA:370,0
DA:371,0
DA:372,0
DA:373,0
LF:142
LH:0
end_of_record
SF:/Users/pattobrien/Development/sidecar/packages/sidecar/lib/src/utils/byte_store_ext.dart
DA:9,0
DA:10,0
DA:13,0
DA:16,0
DA:21,0
DA:24,0
DA:25,0
DA:26,0
DA:27,0
DA:29,0
LF:10
LH:0
end_of_record
SF:/Users/pattobrien/Development/sidecar/packages/sidecar/lib/src/utils/logger/logger.dart
DA:8,0
LF:1
LH:0
end_of_record
SF:/Users/pattobrien/Development/sidecar/packages/sidecar/lib/src/analyzer/server/analyzer_mode.dart
DA:1,3
DA:4,0
DA:5,0
DA:6,0
LF:4
LH:1
end_of_record
SF:/Users/pattobrien/Development/sidecar/packages/sidecar/lib/src/analyzer/plugin/plugin_resource_provider.dart
DA:5,0
DA:6,0
LF:2
LH:0
end_of_record
SF:/Users/pattobrien/Development/sidecar/packages/sidecar/lib/src/analyzer/plugin/rule_constructors_provider.dart
DA:6,0
DA:7,0
LF:2
LH:0
end_of_record
SF:/Users/pattobrien/Development/sidecar/packages/sidecar/lib/src/analyzer/plugin/rules.dart
DA:11,0
DA:12,0
DA:13,0
DA:14,0
DA:18,0
DA:19,0
DA:23,0
DA:24,0
DA:25,0
DA:26,0
DA:27,0
DA:30,0
DA:31,0
DA:35,0
DA:36,0
DA:37,0
DA:38,0
DA:39,0
DA:40,0
DA:42,0
DA:43,0
DA:49,0
DA:50,0
DA:51,0
DA:52,0
DA:57,0
DA:58,0
DA:59,0
DA:60,0
DA:63,0
DA:66,0
DA:67,0
DA:70,0
DA:71,0
DA:72,0
DA:76,0
DA:81,0
DA:84,0
DA:86,0
DA:87,0
DA:91,0
DA:92,0
DA:99,0
LF:43
LH:0
end_of_record
SF:/Users/pattobrien/Development/sidecar/packages/sidecar/lib/src/analyzer/results/analysis_result.dart
DA:28,0
DA:30,0
DA:31,0
DA:32,0
DA:36,0
DA:37,0
DA:38,0
DA:39,0
DA:44,0
DA:45,0
DA:46,0
DA:47,0
DA:49,0
DA:50,0
DA:52,0
DA:53,0
DA:55,0
DA:61,0
DA:62,0
LF:19
LH:0
end_of_record
SF:/Users/pattobrien/Development/sidecar/packages/sidecar/lib/src/analyzer/results/edit_result.dart
DA:13,0
DA:15,0
DA:16,0
DA:18,0
DA:19,0
DA:20,0
LF:6
LH:0
end_of_record
SF:/Users/pattobrien/Development/sidecar/packages/sidecar/lib/src/analyzer/results/annotation_result.dart
DA:12,0
LF:1
LH:0
end_of_record
SF:/Users/pattobrien/Development/sidecar/packages/sidecar/lib/src/analyzer/results/annotations_provider.dart
DA:9,0
DA:10,0
DA:11,0
DA:12,0
DA:13,0
DA:15,0
DA:16,0
DA:17,0
DA:18,0
DA:19,0
DA:20,0
DA:22,0
DA:23,0
DA:26,0
DA:27,0
DA:28,0
LF:16
LH:0
end_of_record
SF:/Users/pattobrien/Development/sidecar/packages/sidecar/lib/src/analyzer/visitors/annotation_visitor.dart
DA:14,0
DA:16,0
DA:17,0
DA:18,0
DA:19,0
DA:24,0
DA:30,0
LF:7
LH:0
end_of_record
SF:/Users/pattobrien/Development/sidecar/packages/sidecar/lib/src/analyzer/results/resolved_unit_provider.dart
DA:11,0
DA:12,0
DA:13,0
DA:15,0
DA:16,0
DA:17,0
DA:18,0
DA:19,0
DA:20,0
DA:24,0
DA:25,0
DA:26,0
DA:30,0
DA:35,0
DA:36,0
DA:37,0
DA:38,0
DA:40,0
DA:41,0
DA:42,0
LF:20
LH:0
end_of_record
SF:/Users/pattobrien/Development/sidecar/packages/sidecar/lib/src/analyzer/results/sidecar_annotated_node.dart
DA:13,0
LF:1
LH:0
end_of_record
SF:/Users/pattobrien/Development/sidecar/packages/sidecar/lib/src/analyzer/results/assist_results.dart
DA:9,0
DA:10,0
DA:11,0
DA:12,0
DA:13,0
DA:15,0
DA:17,0
DA:24,0
DA:25,0
DA:26,0
DA:27,0
DA:31,0
DA:32,0
DA:33,0
DA:34,0
DA:36,0
DA:37,0
DA:38,0
DA:42,0
DA:43,0
DA:44,0
DA:45,0
DA:49,0
DA:50,0
DA:51,0
DA:52,0
DA:53,0
DA:54,0
DA:55,0
DA:58,0
DA:59,0
DA:60,0
DA:61,0
LF:33
LH:0
end_of_record
SF:/Users/pattobrien/Development/sidecar/packages/sidecar/lib/src/analyzer/results/quick_fix_results.dart
DA:12,0
DA:13,0
DA:14,0
DA:15,0
DA:16,0
DA:18,0
DA:20,0
DA:21,0
DA:22,0
DA:23,0
DA:25,0
DA:27,0
DA:28,0
DA:29,0
DA:30,0
DA:31,0
DA:32,0
DA:33,0
DA:34,0
DA:35,0
DA:39,0
DA:40,0
DA:41,0
DA:42,0
DA:43,0
DA:44,0
DA:48,0
DA:49,0
DA:50,0
DA:52,0
DA:56,0
DA:58,0
DA:59,0
DA:60,0
DA:67,0
DA:68,0
DA:69,0
DA:70,0
DA:71,0
DA:72,0
DA:76,0
DA:77,0
DA:78,0
DA:79,0
DA:80,0
DA:81,0
DA:82,0
DA:86,0
DA:87,0
DA:88,0
LF:50
LH:0
end_of_record
SF:/Users/pattobrien/Development/sidecar/packages/sidecar/lib/src/analyzer/server/analysis_context_providers.dart
DA:7,0
DA:8,0
DA:13,0
DA:14,0
DA:15,0
DA:16,0
DA:17,0
DA:19,0
DA:23,0
DA:24,0
LF:10
LH:0
end_of_record
SF:/Users/pattobrien/Development/sidecar/packages/sidecar/lib/src/analyzer/server/contexts/context_sidecar_dependencies.dart
DA:7,0
DA:8,0
DA:9,0
DA:10,0
DA:11,0
DA:14,0
DA:15,0
LF:7
LH:0
end_of_record
SF:/Users/pattobrien/Development/sidecar/packages/sidecar/lib/src/analyzer/server/contexts/context_sidecar_plugin_package.dart
DA:7,0
DA:8,0
DA:9,0
DA:10,0
DA:11,0
DA:14,0
DA:15,0
LF:7
LH:0
end_of_record
SF:/Users/pattobrien/Development/sidecar/packages/sidecar/lib/src/analyzer/server/contexts/active_contexts_provider.dart
DA:15,0
DA:16,0
DA:17,0
DA:18,0
DA:19,0
DA:20,0
DA:22,0
DA:23,0
DA:24,0
DA:26,0
DA:27,0
DA:30,0
DA:31,0
DA:32,0
DA:36,0
DA:37,0
DA:38,0
DA:39,0
DA:40,0
DA:43,0
DA:44,0
DA:48,0
DA:49,0
DA:50,0
DA:51,0
DA:54,0
DA:55,0
LF:27
LH:0
end_of_record
SF:/Users/pattobrien/Development/sidecar/packages/sidecar/lib/src/analyzer/server/contexts/context_package_configuration.dart
DA:7,0
DA:8,0
DA:9,0
DA:10,0
DA:11,0
DA:13,0
DA:14,0
LF:7
LH:0
end_of_record
SF:/Users/pattobrien/Development/sidecar/packages/sidecar/lib/src/analyzer/server/isolates/isolate_communication_service.dart
DA:18,0
DA:28,0
DA:29,0
DA:31,0
DA:32,0
DA:33,0
DA:34,0
DA:36,0
DA:37,0
DA:39,0
DA:40,0
DA:41,0
DA:42,0
DA:43,0
DA:44,0
DA:46,0
DA:47,0
DA:50,0
DA:51,0
DA:52,0
DA:54,0
DA:55,0
DA:59,0
DA:60,0
DA:61,0
DA:62,0
DA:63,0
DA:65,0
DA:66,0
DA:71,0
DA:76,0
DA:78,0
DA:80,0
DA:81,0
DA:84,0
DA:88,0
DA:89,0
DA:90,0
DA:94,0
DA:98,0
DA:99,0
DA:101,0
DA:104,0
DA:107,0
DA:108,0
DA:109,0
DA:110,0
DA:112,0
DA:116,0
DA:121,0
DA:122,0
DA:123,0
DA:126,0
DA:131,0
DA:132,0
DA:133,0
DA:136,0
DA:139,0
DA:147,0
DA:148,0
DA:150,0
DA:151,0
DA:153,0
DA:154,0
DA:155,0
DA:159,0
DA:160,0
DA:163,0
DA:167,0
DA:168,0
DA:171,0
DA:174,0
DA:177,0
DA:184,0
DA:185,0
DA:186,0
DA:187,0
DA:189,0
DA:190,0
DA:191,0
DA:195,0
DA:196,0
DA:197,0
DA:198,0
DA:199,0
DA:200,0
DA:201,0
DA:202,0
DA:203,0
DA:204,0
DA:205,0
DA:206,0
DA:207,0
DA:209,0
DA:211,0
DA:212,0
DA:213,0
DA:215,0
DA:216,0
DA:217,0
DA:218,0
DA:219,0
DA:221,0
DA:222,0
DA:223,0
DA:224,0
DA:225,0
DA:227,0
DA:228,0
DA:229,0
DA:230,0
DA:231,0
DA:232,0
DA:234,0
DA:235,0
DA:236,0
DA:239,0
DA:240,0
DA:241,0
DA:242,0
DA:243,0
DA:244,0
DA:245,0
DA:246,0
DA:247,0
DA:248,0
DA:249,0
DA:252,0
DA:253,0
DA:254,0
DA:256,0
DA:257,0
DA:258,0
DA:259,0
DA:260,0
DA:261,0
DA:262,0
DA:263,0
DA:264,0
DA:266,0
DA:268,0
DA:270,0
DA:271,0
DA:272,0
DA:276,0
DA:277,0
DA:279,0
DA:280,0
DA:287,0
DA:288,0
DA:289,0
DA:290,0
DA:291,0
DA:292,0
DA:293,0
DA:294,0
DA:295,0
DA:296,0
DA:297,0
DA:298,0
DA:299,0
DA:300,0
DA:301,0
DA:302,0
DA:303,0
DA:304,0
DA:305,0
DA:306,0
DA:307,0
DA:308,0
DA:310,0
DA:314,0
DA:317,0
DA:318,0
DA:319,0
DA:320,0
DA:322,0
DA:323,0
DA:324,0
DA:326,0
DA:327,0
DA:329,0
DA:331,0
DA:332,0
DA:333,0
DA:334,0
DA:335,0
DA:337,0
DA:339,0
DA:341,0
DA:342,0
DA:344,0
DA:346,0
DA:348,0
DA:350,0
DA:352,0
DA:353,0
DA:355,0
DA:357,0
DA:358,0
DA:360,0
DA:362,0
DA:363,0
DA:365,0
DA:366,0
DA:367,0
DA:374,0
DA:376,0
DA:377,0
DA:378,0
DA:379,0
DA:380,0
DA:381,0
DA:382,0
DA:384,0
DA:385,0
DA:386,0
DA:387,0
DA:388,0
DA:389,0
DA:390,0
DA:392,0
DA:394,0
DA:395,0
DA:396,0
DA:397,0
DA:398,0
DA:400,0
DA:402,0
DA:403,0
DA:404,0
DA:405,0
DA:406,0
DA:410,0
DA:411,0
DA:413,0
DA:415,0
DA:416,0
DA:417,0
DA:418,0
DA:419,0
DA:420,0
DA:422,0
DA:423,0
DA:424,0
DA:426,0
DA:433,0
DA:442,0
DA:443,0
DA:444,0
DA:445,0
DA:448,0
DA:449,0
DA:450,0
DA:451,0
LF:255
LH:0
end_of_record
SF:/Users/pattobrien/Development/sidecar/packages/sidecar/lib/src/analyzer/server/isolates/isolate_message.dart
DA:10,0
LF:1
LH:0
end_of_record
SF:/Users/pattobrien/Development/sidecar/packages/sidecar/lib/src/analyzer/server/isolates/multi_isolate_message.dart
DA:16,0
DA:18,0
LF:2
LH:0
end_of_record
SF:/Users/pattobrien/Development/sidecar/packages/sidecar/lib/src/analyzer/server/isolates/isolate_details_provider.dart
DA:11,0
DA:12,0
DA:13,0
DA:14,0
DA:15,0
DA:16,0
DA:17,0
DA:18,0
DA:19,0
DA:21,0
DA:22,0
DA:26,0
DA:27,0
DA:28,0
DA:29,0
DA:30,0
DA:34,0
DA:35,0
DA:36,0
DA:37,0
DA:38,0
DA:39,0
DA:40,0
DA:41,0
DA:46,0
DA:47,0
DA:48,0
DA:55,0
DA:56,0
DA:58,0
DA:59,0
DA:65,0
DA:66,0
DA:67,0
LF:34
LH:0
end_of_record
SF:/Users/pattobrien/Development/sidecar/packages/sidecar/lib/src/analyzer/server/middleman_plugin.dart
DA:25,0
DA:26,0
DA:30,0
DA:33,0
DA:36,0
DA:39,0
DA:41,0
DA:42,0
DA:45,0
DA:46,0
DA:47,0
DA:48,0
DA:50,0
DA:52,0
DA:53,0
DA:56,0
DA:60,0
DA:63,0
DA:64,0
DA:65,0
DA:66,0
DA:67,0
DA:68,0
DA:69,0
DA:70,0
DA:71,0
DA:72,0
DA:74,0
DA:78,0
DA:79,0
DA:80,0
DA:81,0
DA:82,0
DA:83,0
DA:84,0
DA:88,0
DA:91,0
DA:92,0
DA:93,0
DA:94,0
DA:95,0
DA:96,0
DA:97,0
DA:101,0
DA:107,0
DA:108,0
DA:109,0
DA:112,0
DA:113,0
DA:114,0
DA:115,0
DA:116,0
DA:117,0
DA:118,0
DA:119,0
DA:120,0
DA:124,0
DA:125,0
LF:58
LH:0
end_of_record
SF:/Users/pattobrien/Development/sidecar/packages/sidecar/lib/src/analyzer/server/middleman_resource_provider.dart
DA:5,0
DA:6,0
LF:2
LH:0
end_of_record
SF:/Users/pattobrien/Development/sidecar/packages/sidecar/lib/src/analyzer/server/plugin_channel_provider.dart
DA:5,0
DA:6,0
LF:2
LH:0
end_of_record
SF:/Users/pattobrien/Development/sidecar/packages/sidecar/lib/src/analyzer/server/runner/runner.dart
DA:27,0
DA:28,0
DA:31,0
DA:34,0
DA:35,0
DA:36,0
DA:37,0
DA:74,0
DA:76,0
DA:133,0
DA:134,0
DA:136,0
DA:137,0
DA:140,0
DA:141,0
DA:145,0
DA:147,0
DA:150,0
DA:151,0
DA:152,0
DA:153,0
DA:155,0
DA:156,0
DA:157,0
DA:158,0
DA:160,0
DA:163,0
DA:165,0
DA:168,0
DA:169,0
DA:170,0
DA:172,0
DA:175,0
DA:176,0
DA:177,0
DA:178,0
DA:179,0
DA:180,0
DA:181,0
DA:182,0
DA:184,0
DA:211,0
DA:212,0
DA:213,0
DA:216,0
DA:218,0
DA:219,0
LF:47
LH:0
end_of_record
SF:/Users/pattobrien/Development/sidecar/packages/sidecar/lib/src/analyzer/starters/cli_starter.dart
DA:20,0
DA:25,0
DA:27,0
DA:28,0
DA:29,0
DA:31,0
DA:32,0
DA:33,0
DA:37,0
DA:38,0
DA:39,0
DA:40,0
DA:42,0
DA:43,0
DA:44,0
DA:46,0
DA:50,0
DA:51,0
DA:52,0
DA:53,0
DA:55,0
DA:58,0
LF:22
LH:0
end_of_record
SF:/Users/pattobrien/Development/sidecar/packages/sidecar/lib/src/utils/logger/cli_observer.dart
DA:6,0
DA:10,0
DA:12,0
DA:14,0
DA:20,0
DA:21,0
DA:26,0
DA:33,0
DA:34,0
DA:41,0
DA:48,0
DA:49,0
DA:53,0
DA:58,0
LF:14
LH:0
end_of_record
SF:/Users/pattobrien/Development/sidecar/packages/sidecar/lib/src/analyzer/starters/plugin_starter.dart
DA:18,0
DA:24,0
DA:26,0
DA:28,0
DA:29,0
DA:30,0
DA:31,0
DA:34,0
DA:35,0
DA:36,0
DA:37,0
DA:38,0
DA:39,0
DA:40,0
DA:41,0
DA:43,0
DA:47,0
DA:49,0
DA:50,0
DA:52,0
DA:53,0
DA:56,0
DA:59,0
LF:23
LH:0
end_of_record
SF:/Users/pattobrien/Development/sidecar/packages/sidecar/lib/src/cli/reports/file_stats.dart
DA:10,0
DA:20,0
DA:22,0
DA:23,0
DA:24,0
DA:25,0
DA:26,0
DA:27,0
DA:28,0
LF:9
LH:0
end_of_record
SF:/Users/pattobrien/Development/sidecar/packages/sidecar/lib/src/configurations/builders/annotations.dart
DA:2,3
DA:6,3
LF:2
LH:2
end_of_record
SF:/Users/pattobrien/Development/sidecar/packages/sidecar/lib/src/configurations/builders/new_exceptions.dart
DA:22,3
DA:28,3
DA:35,0
DA:41,0
DA:56,3
DA:58,0
DA:59,0
DA:61,0
DA:62,0
DA:63,0
DA:64,0
DA:65,0
DA:67,0
DA:68,0
DA:69,0
DA:76,0
DA:83,0
DA:84,0
DA:86,0
LF:19
LH:3
end_of_record
SF:/Users/pattobrien/Development/sidecar/packages/sidecar/lib/src/configurations/builders/new_exceptions.g.dart
DA:9,0
DA:10,0
DA:11,0
DA:12,0
DA:13,0
DA:15,0
DA:18,0
DA:19,0
DA:20,0
DA:21,0
DA:22,0
DA:23,0
LF:12
LH:0
end_of_record
SF:/Users/pattobrien/Development/sidecar/packages/sidecar/lib/src/rules/analysis_source.dart
DA:18,0
DA:20,0
DA:21,0
DA:22,0
LF:4
LH:0
end_of_record
SF:/Users/pattobrien/Development/sidecar/packages/sidecar/lib/src/utils/json_utils/source_span_utils.dart
DA:3,0
DA:4,0
DA:5,0
DA:6,0
DA:7,0
DA:8,0
DA:9,0
DA:11,0
DA:12,0
DA:13,0
DA:14,0
DA:15,0
DA:17,0
DA:18,0
DA:22,0
DA:23,0
DA:24,0
DA:25,0
DA:27,0
DA:28,0
DA:29,0
DA:30,0
DA:31,0
DA:33,0
DA:34,0
DA:35,0
DA:36,0
DA:37,0
DA:40,0
LF:29
LH:0
end_of_record
SF:/Users/pattobrien/Development/sidecar/packages/sidecar/lib/src/rules/lint_rule.dart
DA:14,0
DA:15,0
DA:18,0
DA:21,0
DA:31,0
DA:35,0
DA:36,0
DA:37,0
DA:38,0
DA:41,0
LF:10
LH:0
end_of_record
SF:/Users/pattobrien/Development/sidecar/packages/sidecar/lib/src/configurations/project/analysis_configuration.dart
DA:13,3
DA:23,3
DA:30,0
DA:38,0
DA:39,0
DA:56,3
DA:62,0
DA:63,0
DA:65,3
DA:71,0
DA:85,0
DA:87,0
DA:88,0
DA:89,0
DA:90,0
DA:91,0
DA:93,0
DA:94,0
DA:95,0
DA:96,0
DA:97,0
DA:98,0
DA:99,0
DA:100,0
DA:101,0
DA:102,0
DA:105,0
DA:106,0
DA:107,0
DA:108,0
DA:118,0
DA:122,0
DA:132,0
DA:134,0
DA:135,0
DA:136,0
DA:137,0
DA:139,0
DA:140,0
DA:141,0
DA:142,0
DA:143,0
DA:144,0
DA:145,0
DA:146,0
DA:149,0
DA:150,0
DA:151,0
DA:152,0
LF:49
LH:4
end_of_record
SF:/Users/pattobrien/Development/sidecar/packages/sidecar/lib/src/configurations/project/analysis_configuration.g.dart
DA:9,0
DA:10,0
DA:11,0
DA:12,0
DA:13,0
DA:16,0
DA:17,0
DA:19,0
DA:21,0
DA:25,0
DA:26,0
DA:27,0
DA:28,0
DA:38,0
DA:39,0
DA:40,0
DA:41,0
DA:42,0
DA:45,0
DA:46,0
DA:48,0
DA:50,0
DA:54,0
DA:55,0
DA:56,0
LF:25
LH:0
end_of_record
SF:/Users/pattobrien/Development/sidecar/packages/sidecar/lib/src/utils/json_utils/glob_json_util.dart
DA:3,0
DA:5,0
DA:6,0
DA:8,0
DA:10,0
DA:11,0
LF:6
LH:0
end_of_record
SF:/Users/pattobrien/Development/sidecar/packages/sidecar/lib/src/configurations/project/analysis_package_configuration.dart
DA:12,0
DA:18,0
DA:23,0
DA:24,0
DA:25,0
DA:26,0
DA:27,0
DA:29,0
DA:30,0
DA:31,0
DA:35,0
DA:38,0
DA:44,0
DA:46,0
DA:47,0
DA:48,0
DA:49,0
DA:51,0
DA:52,0
DA:66,0
DA:71,0
DA:72,0
DA:73,0
DA:74,0
DA:75,0
DA:77,0
DA:78,0
DA:82,0
DA:84,0
DA:90,0
LF:30
LH:0
end_of_record
SF:/Users/pattobrien/Development/sidecar/packages/sidecar/lib/src/configurations/project/analysis_package_configuration.g.dart
DA:9,0
DA:10,0
DA:11,0
DA:12,0
DA:13,0
DA:15,0
DA:18,0
DA:20,0
DA:22,0
DA:24,0
DA:28,0
DA:29,0
DA:30,0
DA:34,0
DA:35,0
DA:36,0
DA:37,0
DA:38,0
DA:40,0
DA:43,0
DA:45,0
DA:47,0
DA:49,0
DA:53,0
DA:54,0
DA:55,0
LF:26
LH:0
end_of_record
SF:/Users/pattobrien/Development/sidecar/packages/sidecar/lib/src/configurations/project/errors.dart
DA:10,3
DA:12,0
DA:15,0
DA:22,1
LF:4
LH:2
end_of_record
SF:/Users/pattobrien/Development/sidecar/packages/sidecar/lib/src/configurations/project/project_configuration.dart
DA:20,0
DA:27,0
DA:34,0
DA:39,0
DA:41,0
DA:44,0
DA:45,0
DA:46,0
DA:48,0
DA:49,0
DA:50,0
DA:53,0
DA:60,0
DA:61,0
DA:62,0
DA:66,0
DA:67,0
DA:69,0
DA:71,0
DA:73,0
DA:76,0
DA:77,0
DA:78,0
DA:79,0
DA:80,0
DA:81,0
DA:82,0
DA:83,0
DA:85,0
DA:86,0
DA:87,0
DA:88,0
DA:89,0
DA:90,0
DA:91,0
DA:93,0
DA:96,0
DA:101,0
DA:102,0
DA:104,0
DA:105,0
DA:106,0
DA:107,0
DA:112,0
DA:113,0
DA:118,0
DA:122,0
DA:125,0
DA:126,0
DA:128,0
DA:131,0
DA:132,0
DA:146,0
DA:148,0
DA:149,0
DA:151,0
DA:152,0
DA:153,0
DA:154,0
DA:155,0
DA:157,0
LF:61
LH:0
end_of_record
SF:/Users/pattobrien/Development/sidecar/packages/sidecar/lib/src/configurations/project/project_configuration.g.dart
DA:9,0
DA:11,0
DA:12,0
DA:13,0
DA:15,0
DA:16,0
DA:20,0
DA:22,0
DA:24,0
DA:26,0
DA:30,0
DA:31,0
DA:32,0
DA:33,0
LF:14
LH:0
end_of_record
SF:/Users/pattobrien/Development/sidecar/packages/sidecar/lib/src/utils/yaml_writer.dart
DA:3,3
DA:11,0
DA:12,0
DA:16,0
DA:19,0
DA:20,0
DA:21,0
DA:22,0
DA:23,0
DA:24,0
DA:26,0
DA:34,0
DA:35,0
DA:37,0
DA:38,0
DA:39,0
DA:42,0
DA:47,0
DA:50,0
DA:51,0
DA:52,0
DA:53,0
DA:62,0
DA:63,0
LF:24
LH:1
end_of_record
SF:/Users/pattobrien/Development/sidecar/packages/sidecar/lib/src/configurations/rule_package/rule_package_configuration.dart
DA:10,0
DA:15,0
DA:16,0
DA:17,0
DA:24,0
DA:39,0
DA:40,0
DA:43,0
DA:44,0
DA:45,0
DA:46,0
DA:48,0
DA:49,0
DA:50,0
DA:51,0
DA:52,0
LF:16
LH:0
end_of_record
SF:/Users/pattobrien/Development/sidecar/packages/sidecar/lib/src/configurations/rule_package/rule_yaml_nodes.dart
DA:5,0
DA:9,0
DA:13,0
DA:17,0
LF:4
LH:0
end_of_record
SF:/Users/pattobrien/Development/sidecar/packages/sidecar/lib/src/configurations/yaml_parsers/yaml_map_configuration.dart
DA:8,0
DA:12,0
DA:13,0
DA:16,0
DA:17,0
DA:18,0
DA:19,0
DA:20,0
DA:21,0
LF:9
LH:0
end_of_record
SF:/Users/pattobrien/Development/sidecar/packages/sidecar/lib/src/configurations/yaml_parsers/yaml_map_enabled.dart
DA:8,1
DA:11,3
DA:12,2
DA:14,2
DA:15,1
DA:16,2
DA:17,1
DA:18,4
DA:19,1
LF:9
LH:9
end_of_record
SF:/Users/pattobrien/Development/sidecar/packages/sidecar/lib/src/configurations/yaml_parsers/yaml_map_include_globs.dart
DA:9,1
DA:13,3
DA:15,2
DA:16,1
DA:17,2
DA:18,1
DA:19,4
DA:20,1
DA:28,1
DA:29,1
DA:30,1
DA:31,2
DA:33,3
DA:36,1
DA:37,1
DA:38,1
DA:45,1
LF:17
LH:17
end_of_record
SF:/Users/pattobrien/Development/sidecar/packages/sidecar/lib/src/configurations/yaml_parsers/yaml_map_severity.dart
DA:9,1
DA:12,1
DA:13,3
DA:15,2
DA:17,2
DA:18,1
DA:20,2
DA:21,1
DA:22,4
DA:23,1
LF:10
LH:10
end_of_record
SF:/Users/pattobrien/Development/sidecar/packages/sidecar/lib/src/protocol/isolate_details.dart
DA:17,0
LF:1
LH:0
end_of_record
SF:/Users/pattobrien/Development/sidecar/packages/sidecar/lib/src/protocol/requests/edit_request.dart
DA:13,0
LF:1
LH:0
end_of_record
SF:/Users/pattobrien/Development/sidecar/packages/sidecar/lib/src/rules/assist_rule.dart
DA:18,0
DA:22,0
DA:23,0
DA:24,0
DA:25,0
LF:5
LH:0
end_of_record
SF:/Users/pattobrien/Development/sidecar/packages/sidecar/lib/src/rules/base_rule.dart
DA:14,3
DA:19,0
DA:20,0
DA:28,0
DA:29,0
DA:31,0
DA:32,0
DA:34,0
DA:40,0
DA:41,0
DA:42,0
DA:43,0
DA:44,0
LF:13
LH:1
end_of_record
SF:/Users/pattobrien/Development/sidecar/packages/sidecar/lib/src/rules/sidecar_ast_visitor.dart
DA:18,0
DA:24,0
DA:25,0
DA:29,0
DA:34,0
DA:35,0
DA:36,0
DA:37,0
DA:38,0
DA:42,0
DA:44,0
DA:47,0
DA:52,0
DA:53,0
DA:54,0
DA:55,0
DA:56,0
DA:60,0
DA:62,0
DA:71,0
DA:76,0
DA:77,0
DA:80,0
DA:81,0
DA:82,0
DA:83,0
DA:84,0
DA:85,0
DA:88,0
DA:91,0
DA:92,0
DA:93,0
DA:94,0
DA:95,0
DA:96,0
DA:99,0
LF:36
LH:0
end_of_record
SF:/Users/pattobrien/Development/sidecar/packages/sidecar/lib/src/rules/lint_severity.dart
DA:7,3
DA:10,0
DA:12,0
DA:14,0
DA:16,0
DA:21,1
DA:22,2
DA:25,2
DA:28,2
DA:31,1
DA:35,0
DA:36,0
DA:38,0
DA:39,0
DA:40,0
DA:41,0
DA:42,0
DA:43,0
DA:45,0
DA:51,0
DA:52,0
DA:53,0
DA:55,0
DA:57,0
DA:60,0
LF:25
LH:6
end_of_record
SF:/Users/pattobrien/Development/sidecar/packages/sidecar/lib/src/services/active_project_service.dart
DA:19,0
DA:23,0
DA:24,0
DA:25,0
DA:27,0
DA:32,0
DA:33,0
DA:34,0
DA:35,0
DA:36,0
DA:38,0
DA:41,0
DA:54,0
DA:62,0
DA:68,0
DA:70,0
DA:73,0
DA:74,0
DA:75,0
DA:76,0
DA:77,0
DA:78,0
DA:80,0
DA:81,0
DA:84,0
DA:88,0
DA:89,0
DA:90,0
DA:91,0
DA:92,0
DA:94,0
DA:97,0
DA:98,0
DA:99,0
DA:101,0
DA:103,0
DA:109,0
DA:113,0
DA:117,0
DA:118,0
DA:119,0
DA:120,0
DA:122,0
DA:123,0
DA:126,0
DA:129,0
DA:131,0
DA:132,0
DA:135,0
DA:141,0
DA:142,0
DA:143,0
DA:144,0
DA:145,0
DA:148,0
DA:150,0
DA:151,0
DA:152,0
DA:156,0
DA:158,0
DA:162,0
DA:163,0
DA:167,0
DA:168,0
DA:169,0
DA:173,0
DA:174,0
DA:176,0
DA:177,0
DA:178,0
DA:179,0
DA:182,0
DA:183,0
DA:185,0
DA:188,0
DA:189,0
DA:195,0
DA:198,0
DA:199,0
LF:79
LH:0
end_of_record
SF:/Users/pattobrien/Development/sidecar/packages/sidecar/lib/src/services/file_analyzer_service.dart
DA:13,0
DA:16,0
DA:17,0
DA:22,0
DA:25,0
DA:26,0
DA:28,0
DA:34,0
DA:35,0
DA:38,0
DA:44,0
DA:45,0
DA:46,0
DA:47,0
DA:48,0
DA:49,0
DA:50,0
DA:51,0
DA:54,0
DA:68,0
DA:69,0
DA:73,0
DA:74,0
DA:75,0
DA:78,0
DA:82,0
DA:87,0
DA:89,0
DA:93,0
DA:95,0
DA:97,0
DA:98,0
DA:101,0
DA:107,0
DA:108,0
DA:110,0
DA:112,0
DA:115,0
DA:116,0
DA:119,0
DA:122,0
DA:126,0
DA:131,0
DA:132,0
DA:134,0
DA:137,0
DA:140,0
DA:141,0
DA:142,0
LF:49
LH:0
end_of_record
SF:/Users/pattobrien/Development/sidecar/packages/sidecar/lib/src/services/isolate_builder_service.dart
DA:18,0
DA:21,0
DA:22,0
DA:23,0
DA:24,0
DA:25,0
DA:26,0
DA:27,0
DA:31,0
DA:33,0
DA:36,0
DA:38,0
DA:39,0
DA:42,0
DA:43,0
DA:45,0
DA:46,0
DA:47,0
DA:50,0
DA:56,0
DA:57,0
DA:60,0
DA:63,0
DA:64,0
DA:70,0
DA:72,0
DA:73,0
DA:74,0
DA:77,0
DA:79,0
DA:80,0
DA:81,0
DA:82,0
DA:84,0
DA:85,0
DA:88,0
DA:93,0
DA:97,0
DA:99,0
DA:100,0
DA:101,0
DA:104,0
DA:106,0
DA:107,0
DA:109,0
DA:110,0
DA:112,0
DA:113,0
DA:115,0
DA:116,0
DA:117,0
DA:118,0
DA:119,0
DA:120,0
DA:122,0
DA:123,0
DA:127,0
DA:128,0
DA:129,0
DA:130,0
DA:132,0
DA:135,0
DA:136,0
DA:137,0
DA:139,0
DA:140,0
DA:142,0
DA:144,0
DA:145,0
DA:146,0
DA:149,0
DA:150,0
DA:151,0
DA:154,0
DA:155,0
DA:160,0
LF:76
LH:0
end_of_record
SF:/Users/pattobrien/Development/sidecar/packages/sidecar/lib/src/services/rule_initialization_service.dart
DA:10,0
DA:13,0
DA:14,0
DA:16,0
DA:21,0
DA:22,0
DA:23,0
DA:24,0
DA:26,0
DA:27,0
DA:28,0
DA:33,0
DA:35,0
DA:37,0
DA:38,0
DA:46,0
DA:47,0
DA:51,0
DA:54,0
DA:55,0
LF:20
LH:0
end_of_record
SF:/Users/pattobrien/Development/sidecar/packages/sidecar/lib/src/utils/analysis_context_utilities.dart
DA:16,3
DA:18,0
DA:23,0
DA:24,0
DA:25,0
DA:27,0
DA:28,0
DA:29,0
DA:31,0
DA:32,0
DA:33,0
DA:34,0
DA:35,0
DA:38,0
DA:39,0
DA:40,0
DA:42,0
DA:44,0
DA:51,0
DA:52,0
DA:56,0
DA:57,0
DA:58,0
DA:59,0
LF:24
LH:1
end_of_record
SF:/Users/pattobrien/Development/sidecar/packages/sidecar/lib/src/utils/ast_utilities.dart
DA:17,0
DA:18,0
DA:21,0
DA:31,0
DA:32,0
DA:34,0
DA:35,0
DA:37,0
DA:38,0
DA:40,0
DA:41,0
DA:42,0
DA:44,0
DA:46,0
DA:47,0
DA:48,0
DA:50,0
DA:54,0
DA:55,0
DA:56,0
DA:57,0
DA:58,0
DA:60,0
LF:23
LH:0
end_of_record
SF:/Users/pattobrien/Development/sidecar/packages/sidecar/lib/src/utils/annotation_utils.dart
DA:6,0
DA:8,0
DA:9,0
LF:3
LH:0
end_of_record
SF:/Users/pattobrien/Development/sidecar/packages/sidecar/lib/src/utils/ast_equality.dart
DA:4,0
DA:5,0
LF:2
LH:0
end_of_record
SF:/Users/pattobrien/Development/sidecar/packages/sidecar/lib/src/utils/source_span_utilities.dart
DA:14,0
DA:15,0
DA:17,0
DA:20,0
DA:21,0
DA:22,0
DA:23,0
DA:24,0
DA:25,0
DA:26,0
DA:27,0
DA:28,0
DA:29,0
DA:34,0
DA:36,0
DA:37,0
DA:38,0
DA:39,0
DA:40,0
DA:43,0
DA:44,0
DA:45,0
DA:46,0
DA:47,0
DA:49,0
LF:25
LH:0
end_of_record
SF:/Users/pattobrien/Development/sidecar/packages/sidecar/lib/src/utils/channel_extension.dart
DA:5,0
DA:6,0
DA:7,0
DA:9,0
DA:10,0
DA:11,0
LF:6
LH:0
end_of_record
SF:/Users/pattobrien/Development/sidecar/packages/sidecar/lib/src/utils/logger/debugger_delegate.dart
DA:15,0
DA:16,0
DA:17,0
DA:23,0
DA:26,0
DA:29,0
DA:31,0
DA:34,0
DA:36,0
DA:39,0
DA:41,0
DA:42,0
DA:45,0
DA:47,0
DA:50,0
DA:52,0
DA:55,0
DA:57,0
DA:58,0
DA:60,0
DA:62,0
DA:63,0
DA:65,0
DA:71,0
DA:72,0
DA:73,0
DA:75,0
DA:76,0
DA:78,0
DA:79,0
DA:82,0
DA:83,0
DA:84,0
DA:85,0
DA:86,0
DA:87,0
DA:90,0
DA:91,0
DA:93,0
DA:94,0
DA:98,0
DA:99,0
DA:102,0
DA:104,0
DA:105,0
LF:45
LH:0
end_of_record
SF:/Users/pattobrien/Development/sidecar/packages/sidecar/lib/src/utils/logger/plugin_channel_delegate.dart
DA:15,0
DA:21,0
DA:24,0
DA:25,0
DA:28,0
DA:30,0
DA:33,0
DA:35,0
DA:38,0
DA:40,0
DA:41,0
DA:44,0
DA:46,0
DA:49,0
DA:51,0
DA:54,0
DA:57,0
DA:58,0
DA:59,0
DA:60,0
DA:61,0
DA:62,0
DA:63,0
DA:66,0
LF:24
LH:0
end_of_record
SF:/Users/pattobrien/Development/sidecar/packages/sidecar/lib/src/utils/logger/plugin_observer.dart
DA:7,0
DA:11,0
DA:13,0
DA:15,0
DA:21,0
DA:22,0
DA:27,0
DA:34,0
DA:35,0
DA:42,0
DA:49,0
DA:50,0
DA:54,0
DA:59,0
LF:14
LH:0
end_of_record
SF:/Users/pattobrien/Development/sidecar/packages/sidecar/lib/src/utils/token_utilities.dart
DA:10,0
DA:11,0
DA:14,0
DA:24,0
DA:25,0
DA:27,0
DA:28,0
DA:30,0
DA:31,0
DA:33,0
DA:34,0
DA:35,0
DA:37,0
DA:39,0
DA:40,0
DA:41,0
DA:43,0
LF:17
LH:0
end_of_record
SF:/Users/pattobrien/Development/sidecar/packages/sidecar/lib/src/utils/type_checker.dart
DA:20,0
DA:61,0
DA:68,0
DA:69,0
DA:74,0
DA:80,0
DA:81,0
DA:82,0
DA:83,0
DA:85,0
DA:86,0
DA:94,0
DA:102,0
DA:103,0
DA:104,0
DA:107,0
DA:115,0
DA:117,0
DA:120,0
DA:121,0
DA:122,0
DA:161,0
DA:165,0
DA:169,0
DA:170,0
DA:176,0
DA:177,0
DA:183,0
DA:187,0
DA:191,0
DA:192,0
DA:199,0
DA:200,0
DA:203,0
DA:208,0
DA:209,0
DA:211,0
DA:220,0
DA:224,0
DA:226,0
DA:251,0
DA:255,0
DA:257,0
DA:262,0
DA:263,0
DA:264,0
DA:267,0
DA:268,0
DA:274,0
DA:280,0
DA:281,0
DA:282,0
DA:285,0
DA:289,0
DA:300,0
DA:319,0
DA:324,0
DA:326,0
DA:328,0
DA:331,0
DA:332,0
DA:335,0
DA:337,0
DA:338,0
DA:339,0
DA:342,0
DA:343,0
DA:345,0
DA:346,0
DA:407,0
DA:409,0
DA:410,0
DA:428,0
DA:433,0
DA:434,0
DA:436,0
DA:440,0
DA:442,0
DA:443,0
DA:444,0
DA:445,0
DA:447,0
DA:448,0
DA:451,0
DA:452,0
DA:453,0
DA:454,0
DA:455,0
DA:456,0
DA:457,0
DA:458,0
DA:479,0
DA:483,0
DA:484,0
DA:487,0
DA:492,0
DA:494,0
DA:495,0
DA:496,0
LF:99
LH:0
end_of_record
SF:/Users/pattobrien/Development/sidecar/packages/sidecar/lib/src/test/utils.dart
DA:12,0
DA:18,0
DA:19,0
LF:3
LH:0
end_of_record
